{
  "RSpec": {
    "coverage": {
      "/home/lucasscommegna/Documents/rails-api-tutorial/tour-of-heroes-api/config/environment.rb": {
        "lines": [
          null,
          1,
          null,
          null,
          1
        ]
      },
      "/home/lucasscommegna/Documents/rails-api-tutorial/tour-of-heroes-api/config/application.rb": {
        "lines": [
          1,
          null,
          1,
          null,
          null,
          null,
          1,
          null,
          1,
          1,
          null,
          1,
          null,
          null,
          null,
          null,
          1,
          null,
          null,
          null,
          null,
          null,
          null,
          null,
          null,
          null,
          null,
          null,
          null,
          1,
          null,
          null
        ]
      },
      "/home/lucasscommegna/Documents/rails-api-tutorial/tour-of-heroes-api/config/boot.rb": {
        "lines": [
          1,
          null,
          1,
          1
        ]
      },
      "/home/lucasscommegna/Documents/rails-api-tutorial/tour-of-heroes-api/config/environments/test.rb": {
        "lines": [
          null,
          null,
          null,
          null,
          null,
          1,
          null,
          null,
          null,
          1,
          null,
          null,
          null,
          null,
          null,
          1,
          null,
          null,
          1,
          null,
          null,
          1,
          1,
          null,
          null,
          1,
          null,
          null,
          1,
          null,
          null,
          1,
          null,
          null,
          null,
          null,
          1,
          null,
          null,
          1,
          null,
          null,
          1,
          null,
          null,
          null,
          null,
          null,
          null,
          null,
          null,
          1,
          null
        ]
      },
      "/home/lucasscommegna/Documents/rails-api-tutorial/tour-of-heroes-api/config/initializers/cors.rb": {
        "lines": [
          null,
          null,
          null,
          null,
          null,
          null,
          null,
          null,
          null,
          null,
          null,
          null,
          null,
          null,
          null,
          null
        ]
      },
      "/home/lucasscommegna/Documents/rails-api-tutorial/tour-of-heroes-api/config/initializers/filter_parameter_logging.rb": {
        "lines": [
          null,
          null,
          null,
          null,
          null,
          1,
          null,
          null
        ]
      },
      "/home/lucasscommegna/Documents/rails-api-tutorial/tour-of-heroes-api/config/initializers/inflections.rb": {
        "lines": [
          null,
          1,
          1,
          null
        ]
      },
      "/home/lucasscommegna/Documents/rails-api-tutorial/tour-of-heroes-api/app/models/hero.rb": {
        "lines": [
          1,
          1,
          1,
          null,
          9,
          4,
          4,
          null
        ]
      },
      "/home/lucasscommegna/Documents/rails-api-tutorial/tour-of-heroes-api/app/models/application_record.rb": {
        "lines": [
          1,
          1,
          null
        ]
      },
      "/home/lucasscommegna/Documents/rails-api-tutorial/tour-of-heroes-api/spec/requests/api/heroes_spec.rb": {
        "lines": [
          1,
          null,
          1,
          10,
          12,
          null,
          1,
          null,
          9,
          null,
          null,
          null,
          null,
          1,
          null,
          3,
          null,
          null,
          null,
          null,
          1,
          null,
          11,
          null,
          null,
          null,
          1,
          1,
          1,
          1,
          1,
          null,
          null,
          null,
          1,
          1,
          1,
          1,
          1,
          null,
          null,
          null,
          1,
          1,
          1,
          1,
          1,
          null,
          null,
          null,
          null,
          1,
          1,
          null,
          1,
          1,
          null,
          null,
          null,
          1,
          1,
          1,
          1,
          null,
          null,
          null,
          null,
          1,
          1,
          null,
          1,
          1,
          null,
          null,
          null,
          null,
          1,
          1,
          1,
          null,
          2,
          null,
          null,
          null,
          1,
          1,
          1,
          null,
          1,
          1,
          null,
          null,
          1,
          1,
          1,
          null,
          1,
          1,
          null,
          null,
          null,
          1,
          1,
          1,
          1,
          null,
          1,
          1,
          null,
          null,
          null,
          null,
          1,
          1,
          1,
          1,
          1,
          null,
          null,
          null,
          1,
          1,
          1,
          1,
          null,
          null,
          null
        ]
      },
      "/home/lucasscommegna/Documents/rails-api-tutorial/tour-of-heroes-api/spec/routing/api/heroes_routing_spec.rb": {
        "lines": [
          1,
          null,
          1,
          2,
          2,
          null,
          2,
          null,
          2,
          2,
          null,
          2,
          null
        ]
      },
      "/home/lucasscommegna/Documents/rails-api-tutorial/tour-of-heroes-api/app/controllers/api/heroes_controller.rb": {
        "lines": [
          1,
          1,
          null,
          1,
          1,
          null,
          null,
          1,
          2,
          null,
          2,
          null,
          null,
          null,
          1,
          0,
          null,
          null,
          null,
          1,
          4,
          null,
          4,
          2,
          null,
          2,
          null,
          null,
          null,
          null,
          1,
          3,
          2,
          null,
          1,
          null,
          null,
          null,
          null,
          1,
          2,
          null,
          null,
          1,
          null,
          1,
          5,
          null,
          null,
          null,
          1,
          7,
          null,
          null
        ]
      },
      "/home/lucasscommegna/Documents/rails-api-tutorial/tour-of-heroes-api/app/controllers/application_controller.rb": {
        "lines": [
          1,
          null
        ]
      },
      "/home/lucasscommegna/Documents/rails-api-tutorial/tour-of-heroes-api/app/controllers/concerns/authenticable.rb": {
        "lines": [
          1,
          1,
          null,
          1,
          11,
          null,
          11,
          0,
          null,
          null,
          null,
          null,
          1,
          11,
          null,
          null
        ]
      },
      "/home/lucasscommegna/Documents/rails-api-tutorial/tour-of-heroes-api/config/routes.rb": {
        "lines": [
          1,
          1,
          1,
          null,
          null,
          null,
          1,
          null,
          null,
          null,
          null
        ]
      },
      "/home/lucasscommegna/Documents/rails-api-tutorial/tour-of-heroes-api/app/serializers/hero_serializer.rb": {
        "lines": [
          1,
          1,
          null
        ]
      }
    },
    "timestamp": 1745434964
  }
}
